<?xml version="1.0" encoding="UTF-8"?>
<!-- Generated by org.testng.reporters.JUnitReportReporter -->
<testsuite hostname="DESKTOP-VKHTTKR" failures="0" tests="2" name="DepedentonanotherMethod$InvocationtesNG" time="0.034" errors="0" timestamp="2024-11-27T22:14:32 IST" skipped="0">
  <testcase classname="DepedentonanotherMethod$InvocationtesNG" name="Manikanda" time="0.005"/>
  <system-out>
    <![CDATA[MKP2]]>
  </system-out>
  <testcase classname="DepedentonanotherMethod$InvocationtesNG" name="Manikanda" time="0.029"/>
  <system-out>
    <![CDATA[MKP2]]>
  </system-out>
</testsuite> <!-- DepedentonanotherMethod$InvocationtesNG -->
