<?xml version="1.0" encoding="UTF-8"?>
<!-- Generated by org.testng.reporters.JUnitReportReporter -->
<testsuite hostname="DESKTOP-VKHTTKR" failures="0" tests="1" name="TakeScreenshotWebpage" time="22.077" errors="0" timestamp="2024-12-02T21:23:57 IST" skipped="0">
  <testcase classname="TakeScreenshotWebpage" name="Demo" time="22.077"/>
  <system-out/>
</testsuite> <!-- TakeScreenshotWebpage -->
