<?xml version="1.0" encoding="UTF-8"?>
<!-- Generated by org.testng.reporters.JUnitReportReporter -->
<testsuite hostname="DESKTOP-VKHTTKR" failures="0" tests="2" name="TestNG.CustomerModel" time="0.018" errors="0" timestamp="2024-12-01T21:43:19 IST" skipped="0">
  <testcase classname="TestNG.CustomerModel" name="ModiferCustomer" time="0.005"/>
  <system-out>
    <![CDATA[Modifyercustomer]]>
  </system-out>
  <testcase classname="TestNG.CustomerModel" name="CreateCustomer" time="0.013"/>
  <system-out>
    <![CDATA[CreateCustomer]]>
  </system-out>
</testsuite> <!-- TestNG.CustomerModel -->
