<?xml version="1.0" encoding="UTF-8"?>
<!-- Generated by org.testng.reporters.JUnitReportReporter -->
<testsuite hostname="DESKTOP-VKHTTKR" failures="0" tests="3" name="TestNG.Demo" time="0.052" errors="0" timestamp="2024-11-27T21:13:19 IST" skipped="0">
  <testcase classname="TestNG.Demo" name="demoC" time="0.006"/>
  <system-out/>
  <testcase classname="TestNG.Demo" name="DemoA" time="0.033"/>
  <system-out>
    <![CDATA[Hello world]]>
  </system-out>
  <testcase classname="TestNG.Demo" name="demoB" time="0.013"/>
  <system-out>
    <![CDATA[Wecome to world]]>
  </system-out>
</testsuite> <!-- TestNG.Demo -->
