<?xml version="1.0" encoding="UTF-8"?>
<!-- Generated by org.testng.reporters.JUnitReportReporter -->
<testsuite hostname="DESKTOP-VKHTTKR" failures="0" tests="6" name="TestNG.InvocationtesNG" time="0.042" errors="0" timestamp="2024-11-27T22:07:22 IST" skipped="0">
  <testcase classname="TestNG.InvocationtesNG" name="Prabhu" time="0.003"/>
  <system-out>
    <![CDATA[MKP3]]>
  </system-out>
  <testcase classname="TestNG.InvocationtesNG" name="Prabhu" time="0.004"/>
  <system-out>
    <![CDATA[MKP3]]>
  </system-out>
  <testcase classname="TestNG.InvocationtesNG" name="Prabhu" time="0.002"/>
  <system-out>
    <![CDATA[MKP3]]>
  </system-out>
  <testcase classname="TestNG.InvocationtesNG" name="Manikanda" time="0.003"/>
  <system-out>
    <![CDATA[MKP2]]>
  </system-out>
  <testcase classname="TestNG.InvocationtesNG" name="Prabhu" time="0.004"/>
  <system-out>
    <![CDATA[MKP3]]>
  </system-out>
  <testcase classname="TestNG.InvocationtesNG" name="Manikanda" time="0.026"/>
  <system-out>
    <![CDATA[MKP2]]>
  </system-out>
</testsuite> <!-- TestNG.InvocationtesNG -->
