<?xml version="1.0" encoding="UTF-8"?>
<!-- Generated by org.testng.reporters.JUnitReportReporter -->
<testsuite hostname="DESKTOP-VKHTTKR" failures="0" tests="1" name="TakeScreenshotWebelement" time="143.632" errors="0" timestamp="2024-12-02T21:45:45 IST" skipped="0">
  <testcase classname="TakeScreenshotWebelement" name="demo" time="143.632"/>
  <system-out/>
</testsuite> <!-- TakeScreenshotWebelement -->
