<?xml version="1.0" encoding="UTF-8"?>
<!-- Generated by org.testng.reporters.JUnitReportReporter -->
<testsuite hostname="DESKTOP-VKHTTKR" failures="0" tests="3" name="TestNG.PrioritytestNG" time="0.034" errors="0" timestamp="2024-11-27T21:58:18 IST" skipped="0">
  <testcase classname="TestNG.PrioritytestNG" name="Morning" time="0.024"/>
  <system-out>
    <![CDATA[Moring Food]]>
  </system-out>
  <testcase classname="TestNG.PrioritytestNG" name="Evening" time="0.005"/>
  <system-out>
    <![CDATA[Evening Food]]>
  </system-out>
  <testcase classname="TestNG.PrioritytestNG" name="Night" time="0.005"/>
  <system-out>
    <![CDATA[Night Food]]>
  </system-out>
</testsuite> <!-- TestNG.PrioritytestNG -->
