<?xml version="1.0" encoding="UTF-8"?>
<!-- Generated by org.testng.reporters.JUnitReportReporter -->
<testsuite hostname="DESKTOP-VKHTTKR" failures="0" tests="4" name="DepedentonanotherMethod" time="0.046" errors="0" timestamp="2024-11-27T22:21:37 IST" skipped="0">
  <testcase classname="DepedentonanotherMethod" name="Morning" time="0.015"/>
  <system-out>
    <![CDATA[Moring Food]]>
  </system-out>
  <testcase classname="DepedentonanotherMethod" name="Evening" time="0.006"/>
  <system-out>
    <![CDATA[Evening Food]]>
  </system-out>
  <testcase classname="DepedentonanotherMethod" name="Morning" time="0.021"/>
  <system-out>
    <![CDATA[Moring Food]]>
  </system-out>
  <testcase classname="DepedentonanotherMethod" name="Night" time="0.004"/>
  <system-out>
    <![CDATA[Night Food]]>
  </system-out>
</testsuite> <!-- DepedentonanotherMethod -->
